{"C:\\React js projects\\revin-lab-main\\revin-labs-react\\src\\screens\\Login.js": {"path":"C:\\React js projects\\revin-lab-main\\revin-labs-react\\src\\screens\\Login.js","statementMap":{"0":{"start":{"line":10,"column":14},"end":{"line":183,"column":1}},"1":{"start":{"line":12,"column":36},"end":{"line":12,"column":48}},"2":{"start":{"line":13,"column":23},"end":{"line":14,"column":2}},"3":{"start":{"line":15,"column":48},"end":{"line":15,"column":63}},"4":{"start":{"line":16,"column":35},"end":{"line":16,"column":77}},"5":{"start":{"line":16,"column":41},"end":{"line":16,"column":77}},"6":{"start":{"line":21,"column":4},"end":{"line":21,"column":13}},"7":{"start":{"line":24,"column":19},"end":{"line":24,"column":32}},"8":{"start":{"line":27,"column":2},"end":{"line":48,"column":4}},"9":{"start":{"line":28,"column":16},"end":{"line":31,"column":5}},"10":{"start":{"line":33,"column":4},"end":{"line":44,"column":60}},"11":{"start":{"line":43,"column":29},"end":{"line":43,"column":44}},"12":{"start":{"line":44,"column":33},"end":{"line":44,"column":59}},"13":{"start":{"line":45,"column":9},"end":{"line":45,"column":44}},"14":{"start":{"line":56,"column":4},"end":{"line":56,"column":24}},"15":{"start":{"line":59,"column":3},"end":{"line":77,"column":5}},"16":{"start":{"line":60,"column":4},"end":{"line":62,"column":5}},"17":{"start":{"line":61,"column":6},"end":{"line":61,"column":28}},"18":{"start":{"line":63,"column":4},"end":{"line":65,"column":5}},"19":{"start":{"line":64,"column":6},"end":{"line":64,"column":32}},"20":{"start":{"line":66,"column":4},"end":{"line":68,"column":5}},"21":{"start":{"line":67,"column":6},"end":{"line":67,"column":36}},"22":{"start":{"line":69,"column":4},"end":{"line":71,"column":5}},"23":{"start":{"line":70,"column":6},"end":{"line":70,"column":35}},"24":{"start":{"line":72,"column":4},"end":{"line":74,"column":5}},"25":{"start":{"line":73,"column":6},"end":{"line":73,"column":37}},"26":{"start":{"line":76,"column":6},"end":{"line":76,"column":28}},"27":{"start":{"line":84,"column":1},"end":{"line":182,"column":2}}},"fnMap":{"0":{"name":"(anonymous_0)","decl":{"start":{"line":10,"column":14},"end":{"line":10,"column":15}},"loc":{"start":{"line":10,"column":20},"end":{"line":183,"column":1}},"line":10},"1":{"name":"(anonymous_1)","decl":{"start":{"line":16,"column":35},"end":{"line":16,"column":36}},"loc":{"start":{"line":16,"column":41},"end":{"line":16,"column":77}},"line":16},"2":{"name":"(anonymous_2)","decl":{"start":{"line":27,"column":12},"end":{"line":27,"column":13}},"loc":{"start":{"line":27,"column":16},"end":{"line":46,"column":2}},"line":27},"3":{"name":"(anonymous_3)","decl":{"start":{"line":43,"column":15},"end":{"line":43,"column":16}},"loc":{"start":{"line":43,"column":29},"end":{"line":43,"column":44}},"line":43},"4":{"name":"(anonymous_4)","decl":{"start":{"line":44,"column":15},"end":{"line":44,"column":16}},"loc":{"start":{"line":44,"column":33},"end":{"line":44,"column":59}},"line":44},"5":{"name":"onSubmit","decl":{"start":{"line":50,"column":11},"end":{"line":50,"column":19}},"loc":{"start":{"line":50,"column":27},"end":{"line":79,"column":3}},"line":50}},"branchMap":{"0":{"loc":{"start":{"line":59,"column":3},"end":{"line":77,"column":5}},"type":"if","locations":[{"start":{"line":59,"column":3},"end":{"line":77,"column":5}},{"start":{"line":75,"column":8},"end":{"line":77,"column":5}}],"line":59},"1":{"loc":{"start":{"line":60,"column":4},"end":{"line":62,"column":5}},"type":"if","locations":[{"start":{"line":60,"column":4},"end":{"line":62,"column":5}},{"start":{},"end":{}}],"line":60},"2":{"loc":{"start":{"line":63,"column":4},"end":{"line":65,"column":5}},"type":"if","locations":[{"start":{"line":63,"column":4},"end":{"line":65,"column":5}},{"start":{},"end":{}}],"line":63},"3":{"loc":{"start":{"line":66,"column":4},"end":{"line":68,"column":5}},"type":"if","locations":[{"start":{"line":66,"column":4},"end":{"line":68,"column":5}},{"start":{},"end":{}}],"line":66},"4":{"loc":{"start":{"line":69,"column":4},"end":{"line":71,"column":5}},"type":"if","locations":[{"start":{"line":69,"column":4},"end":{"line":71,"column":5}},{"start":{},"end":{}}],"line":69},"5":{"loc":{"start":{"line":72,"column":4},"end":{"line":74,"column":5}},"type":"if","locations":[{"start":{"line":72,"column":4},"end":{"line":74,"column":5}},{"start":{},"end":{}}],"line":72},"6":{"loc":{"start":{"line":123,"column":13},"end":{"line":124,"column":48}},"type":"binary-expr","locations":[{"start":{"line":123,"column":13},"end":{"line":123,"column":25}},{"start":{"line":123,"column":29},"end":{"line":124,"column":48}}],"line":123},"7":{"loc":{"start":{"line":131,"column":20},"end":{"line":131,"column":57}},"type":"cond-expr","locations":[{"start":{"line":131,"column":38},"end":{"line":131,"column":44}},{"start":{"line":131,"column":47},"end":{"line":131,"column":57}}],"line":131},"8":{"loc":{"start":{"line":141,"column":15},"end":{"line":141,"column":126}},"type":"cond-expr","locations":[{"start":{"line":141,"column":33},"end":{"line":141,"column":72}},{"start":{"line":141,"column":75},"end":{"line":141,"column":126}}],"line":141},"9":{"loc":{"start":{"line":145,"column":15},"end":{"line":146,"column":51}},"type":"binary-expr","locations":[{"start":{"line":145,"column":15},"end":{"line":145,"column":27}},{"start":{"line":145,"column":31},"end":{"line":146,"column":51}}],"line":145}},"s":{"0":1,"1":3,"2":2,"3":2,"4":2,"5":0,"6":2,"7":2,"8":2,"9":2,"10":2,"11":0,"12":0,"13":2,"14":1,"15":1,"16":1,"17":0,"18":1,"19":0,"20":1,"21":0,"22":1,"23":0,"24":1,"25":0,"26":0,"27":2},"f":{"0":3,"1":0,"2":2,"3":0,"4":0,"5":1},"b":{"0":[1,0],"1":[0,1],"2":[0,1],"3":[0,1],"4":[0,1],"5":[0,1],"6":[2,0],"7":[0,2],"8":[0,2],"9":[2,0]},"_coverageSchema":"1a1c01bbd47fc00a2c39e90264f33305004495a9","hash":"f8cc065dbec4ee1a7b3ea2d5d8999524914fb47c"}
}
