TN:
SF:src\screens\Login.js
FN:10,(anonymous_0)
FN:16,(anonymous_1)
FN:27,(anonymous_2)
FN:43,(anonymous_3)
FN:44,(anonymous_4)
FN:50,onSubmit
FNF:6
FNH:3
FNDA:2,(anonymous_0)
FNDA:0,(anonymous_1)
FNDA:1,(anonymous_2)
FNDA:0,(anonymous_3)
FNDA:0,(anonymous_4)
FNDA:1,onSubmit
DA:10,1
DA:12,2
DA:13,1
DA:15,1
DA:16,1
DA:21,1
DA:24,1
DA:27,1
DA:28,1
DA:33,1
DA:43,0
DA:44,0
DA:45,1
DA:56,1
DA:59,1
DA:60,1
DA:61,0
DA:63,1
DA:64,0
DA:66,1
DA:67,0
DA:69,1
DA:70,0
DA:72,1
DA:73,0
DA:76,0
DA:84,1
LF:27
LH:19
BRDA:59,0,0,1
BRDA:59,0,1,0
BRDA:60,1,0,0
BRDA:60,1,1,1
BRDA:63,2,0,0
BRDA:63,2,1,1
BRDA:66,3,0,0
BRDA:66,3,1,1
BRDA:69,4,0,0
BRDA:69,4,1,1
BRDA:72,5,0,0
BRDA:72,5,1,1
BRDA:123,6,0,1
BRDA:123,6,1,0
BRDA:131,7,0,0
BRDA:131,7,1,1
BRDA:141,8,0,0
BRDA:141,8,1,1
BRDA:145,9,0,1
BRDA:145,9,1,0
BRF:20
BRH:10
end_of_record
